<?xml version="1.0" encoding="UTF-8"?>
<testsuite xmlns:xsi="http://www.w3.org/2001/XMLSchema-instance" xsi:noNamespaceSchemaLocation="https://maven.apache.org/surefire/maven-surefire-plugin/xsd/surefire-test-report.xsd" name="api.automation.restfulbooker.test.BookingTests" time="39.5" tests="3" errors="0" skipped="0" failures="0">
  <properties>
[...]
</properties>
  <testcase name="getAllBookingsByUserFirstName_BookingExists_returnOk" classname="api.automation.restfulbooker.test.BookingTests" time="12.141"/>
  <testcase name="getAllBookingsById_returnOk" classname="api.automation.restfulbooker.test.BookingTests" time="13.67"/>
  <testcase name="CreateBooking_WithValidData_returnOk" classname="api.automation.restfulbooker.test.BookingTests" time="8.827"/>
</testsuite>